<?xml version="1.0" encoding="UTF-8"?>
<!-- Generated by org.testng.reporters.JUnitReportReporter -->
<testsuite hostname="OMEN" failures="0" tests="1" name="test.Drsheth_test" time="22.301" errors="0" timestamp="2023-07-25T21:31:10 IST" skipped="0">
  <testcase classname="test.Drsheth_test" name="testing" time="22.301"/>
</testsuite> <!-- test.Drsheth_test -->
